\BOOKMARK [1][-]{section.1}{Introduction}{}% 1
\BOOKMARK [1][-]{section.2}{Literature Review}{}% 2
\BOOKMARK [2][-]{subsection.2.1}{Pre-Planning}{section.2}% 3
\BOOKMARK [3][-]{subsubsection.2.1.1}{HTML Design}{subsection.2.1}% 4
\BOOKMARK [3][-]{subsubsection.2.1.2}{Notebook Page 1-2}{subsection.2.1}% 5
\BOOKMARK [3][-]{subsubsection.2.1.3}{Notebook Page 2-3}{subsection.2.1}% 6
\BOOKMARK [3][-]{subsubsection.2.1.4}{Notebook Page 5-6}{subsection.2.1}% 7
\BOOKMARK [3][-]{subsubsection.2.1.5}{Notebook Page 7-8}{subsection.2.1}% 8
\BOOKMARK [3][-]{subsubsection.2.1.6}{Notebook Page 9-10}{subsection.2.1}% 9
\BOOKMARK [3][-]{subsubsection.2.1.7}{Notebook Page 11}{subsection.2.1}% 10
\BOOKMARK [3][-]{subsubsection.2.1.8}{Notebook Page 12-13}{subsection.2.1}% 11
\BOOKMARK [2][-]{subsection.2.2}{Surveying}{section.2}% 12
\BOOKMARK [1][-]{section.3}{Prototypes}{}% 13
\BOOKMARK [2][-]{subsection.3.1}{Design and Implementation}{section.3}% 14
\BOOKMARK [2][-]{subsection.3.2}{Test Plan}{section.3}% 15
\BOOKMARK [2][-]{subsection.3.3}{Recorded Problems}{section.3}% 16
\BOOKMARK [2][-]{subsection.3.4}{Unit Testing}{section.3}% 17
\BOOKMARK [1][-]{section.4}{Terminology}{}% 18
\BOOKMARK [1][-]{section.5}{Appendices}{}% 19
\BOOKMARK [1][-]{section.6}{Reference List}{}% 20
