\BOOKMARK [1][-]{section.1}{Learning Objectives}{}% 1
\BOOKMARK [1][-]{section.2}{Introduction}{}% 2
\BOOKMARK [2][-]{subsection.2.1}{What is VisualPro?}{section.2}% 3
\BOOKMARK [2][-]{subsection.2.2}{What will the tutorial cover?}{section.2}% 4
\BOOKMARK [1][-]{section.3}{VisualPro Environment}{}% 5
\BOOKMARK [2][-]{subsection.3.1}{Download VisualPro}{section.3}% 6
\BOOKMARK [2][-]{subsection.3.2}{Features}{section.3}% 7
\BOOKMARK [2][-]{subsection.3.3}{Known Bugs}{section.3}% 8
\BOOKMARK [2][-]{subsection.3.4}{Saving Progress}{section.3}% 9
\BOOKMARK [1][-]{section.4}{Terminology}{}% 10
\BOOKMARK [2][-]{subsection.4.1}{What is a Class?}{section.4}% 11
\BOOKMARK [2][-]{subsection.4.2}{What is a Method?}{section.4}% 12
\BOOKMARK [2][-]{subsection.4.3}{What is a Object?}{section.4}% 13
\BOOKMARK [1][-]{section.5}{Object-Orientation}{}% 14
\BOOKMARK [2][-]{subsection.5.1}{Exercise: Understanding the Basics}{section.5}% 15
\BOOKMARK [2][-]{subsection.5.2}{Initial Partipation Excercise}{section.5}% 16
\BOOKMARK [2][-]{subsection.5.3}{Exercise: Creating a Class}{section.5}% 17
\BOOKMARK [2][-]{subsection.5.4}{Exercise: Animal Types}{section.5}% 18
\BOOKMARK [2][-]{subsection.5.5}{Exercise: Vehicle Components}{section.5}% 19
\BOOKMARK [2][-]{subsection.5.6}{Exercise: Try It Yourself \(TIY\)}{section.5}% 20
\BOOKMARK [1][-]{section.6}{Keywords}{}% 21
