\BOOKMARK [1][-]{section.1}{Introduction}{}% 1
\BOOKMARK [2][-]{subsection.1.1}{Potential growth to VisualPro}{section.1}% 2
\BOOKMARK [2][-]{subsection.1.2}{Sections}{section.1}% 3
\BOOKMARK [1][-]{section.2}{Literature Review}{}% 4
\BOOKMARK [2][-]{subsection.2.1}{Productivity and Visual Scripting}{section.2}% 5
\BOOKMARK [2][-]{subsection.2.2}{Markup Languages}{section.2}% 6
\BOOKMARK [1][-]{section.3}{Aims and Objectives}{}% 7
\BOOKMARK [2][-]{subsection.3.1}{Aims}{section.3}% 8
\BOOKMARK [2][-]{subsection.3.2}{Objectives}{section.3}% 9
\BOOKMARK [1][-]{section.4}{Project Design}{}% 10
\BOOKMARK [2][-]{subsection.4.1}{Outline of Project Process}{section.4}% 11
\BOOKMARK [2][-]{subsection.4.2}{Data Collection}{section.4}% 12
\BOOKMARK [2][-]{subsection.4.3}{Risks and Limitations}{section.4}% 13
\BOOKMARK [2][-]{subsection.4.4}{Ethical Issues}{section.4}% 14
\BOOKMARK [1][-]{section.5}{Resources and Planning}{}% 15
\BOOKMARK [2][-]{subsection.5.1}{Resources Required}{section.5}% 16
\BOOKMARK [2][-]{subsection.5.2}{Planning Chart}{section.5}% 17
\BOOKMARK [2][-]{subsection.5.3}{Mindmap - Ideas}{section.5}% 18
\BOOKMARK [2][-]{subsection.5.4}{Mindmap - VisualPro}{section.5}% 19
\BOOKMARK [1][-]{section.6}{Terminology}{}% 20
\BOOKMARK [1][-]{section.7}{Appendices}{}% 21
\BOOKMARK [1][-]{section.8}{Reference List}{}% 22
